<?xml version="1.0" encoding="UTF-8"?>
<!-- Generated by org.testng.reporters.JUnitReportReporter -->
<testsuite hostname="DESKTOP-TDFIBJR" failures="0" tests="1" name="GetAllUsers" time="2.839" errors="0" timestamp="2021-07-05T09:28:27 IDT" skipped="0">
  <testcase classname="GetAllUsers" name="getAllUsers" time="2.839"/>
  <system-out/>
</testsuite> <!-- GetAllUsers -->
