<?xml version="1.0" encoding="UTF-8"?>
<!-- Generated by org.testng.reporters.JUnitReportReporter -->
<testsuite hostname="DESKTOP-TDFIBJR" failures="0" tests="1" name="GetUsers" time="1.045" errors="0" timestamp="2021-07-07T12:14:18 IDT" skipped="0">
  <testcase classname="GetUsers" name="getAllUsers" time="1.045"/>
  <system-out/>
</testsuite> <!-- GetUsers -->
