<?xml version="1.0" encoding="UTF-8"?>
<!-- Generated by org.testng.reporters.JUnitReportReporter -->
<testsuite hostname="DESKTOP-TDFIBJR" failures="0" tests="1" name="GetUsers" time="2.241" errors="0" timestamp="2021-07-06T16:09:52 IDT" skipped="0">
  <testcase classname="GetUsers" name="getAllUsers" time="2.241"/>
  <system-out/>
</testsuite> <!-- GetUsers -->
